#
# There is insufficient memory for the Java Runtime Environment to continue.
# Native memory allocation (malloc) failed to allocate 2049536 bytes. Error detail: Chunk::new
# Possible reasons:
#   The system is out of physical RAM or swap space
#   This process is running with CompressedOops enabled, and the Java Heap may be blocking the growth of the native heap
# Possible solutions:
#   Reduce memory load on the system
#   Increase physical memory or swap space
#   Check if swap backing store is full
#   Decrease Java heap size (-Xmx/-Xms)
#   Decrease number of Java threads
#   Decrease Java thread stack sizes (-Xss)
#   Set larger code cache with -XX:ReservedCodeCacheSize=
#   JVM is running with Zero Based Compressed Oops mode in which the Java heap is
#     placed in the first 32GB address space. The Java Heap base address is the
#     maximum limit for the native heap growth. Please use -XX:HeapBaseMinAddress
#     to set the Java Heap base and to place the Java Heap above 32GB virtual address.
# This output file may be truncated or incomplete.
#
#  Out of Memory Error (arena.cpp:191), pid=3888, tid=20072
#
# JRE version: OpenJDK Runtime Environment Temurin-17.0.14+7 (17.0.14+7) (build 17.0.14+7)
# Java VM: OpenJDK 64-Bit Server VM Temurin-17.0.14+7 (17.0.14+7, mixed mode, sharing, tiered, compressed oops, compressed class ptrs, g1 gc, windows-amd64)
# No core dump will be written. Minidumps are not enabled by default on client versions of Windows
#

---------------  S U M M A R Y ------------

Command Line: -XX:MaxMetaspaceSize=512m -XX:+HeapDumpOnOutOfMemoryError --add-opens=java.base/java.lang=ALL-UNNAMED --add-opens=java.base/java.util=ALL-UNNAMED --add-opens=java.base/java.util=ALL-UNNAMED --add-opens=java.base/java.lang=ALL-UNNAMED --add-opens=java.base/java.lang.invoke=ALL-UNNAMED --add-opens=java.prefs/java.util.prefs=ALL-UNNAMED --add-opens=java.base/java.nio.charset=ALL-UNNAMED --add-opens=java.base/java.net=ALL-UNNAMED --add-opens=java.base/java.util.concurrent.atomic=ALL-UNNAMED -Xmx4096m -Dfile.encoding=UTF-8 -Duser.country=US -Duser.language=en -Duser.variant -javaagent:C:\Users\Arrain053\.gradle\wrapper\dists\gradle-8.7-all\aan3ydargesu18aqyqjwhr3pc\gradle-8.7\lib\agents\gradle-instrumentation-agent-8.7.jar org.gradle.launcher.daemon.bootstrap.GradleDaemon 8.7

Host: AMD Ryzen 3 5300U with Radeon Graphics         , 8 cores, 7G,  Windows 11 , 64 bit Build 26100 (10.0.26100.4768)
Time: Wed Aug 27 17:18:16 2025 Pakistan Standard Time elapsed time: 39.838308 seconds (0d 0h 0m 39s)

---------------  T H R E A D  ---------------

Current thread (0x000001ebf3dba290):  JavaThread "C2 CompilerThread1" daemon [_thread_in_native, id=20072, stack(0x000000e2bf500000,0x000000e2bf600000)]


Current CompileTask:
C2:  39838 11448       4       java.beans.Introspector::addMethod (196 bytes)

Stack: [0x000000e2bf500000,0x000000e2bf600000]
Native frames: (J=compiled Java code, j=interpreted, Vv=VM code, C=native code)
V  [jvm.dll+0x682eb9]
V  [jvm.dll+0x8399c8]
V  [jvm.dll+0x83b473]
V  [jvm.dll+0x83bae3]
V  [jvm.dll+0x24715f]
V  [jvm.dll+0xace44]
V  [jvm.dll+0xad4dc]
V  [jvm.dll+0x365b5e]
V  [jvm.dll+0x1baa69]
V  [jvm.dll+0x2182a7]
V  [jvm.dll+0x21758f]
V  [jvm.dll+0x1a3150]
V  [jvm.dll+0x22799c]
V  [jvm.dll+0x225afb]
V  [jvm.dll+0x7ef128]
V  [jvm.dll+0x7e948c]
V  [jvm.dll+0x681d97]
C  [ucrtbase.dll+0x37b0]
C  [KERNEL32.DLL+0x2e8d7]
C  [ntdll.dll+0x3c34c]


---------------  P R O C E S S  ---------------

Threads class SMR info:
_java_thread_list=0x000001ebf7fa8b10, length=113, elements={
0x000001ebafdaaf40, 0x000001ebd2e3afe0, 0x000001ebd2e3c230, 0x000001ebd2e50540,
0x000001ebd2e52c30, 0x000001ebd2e55c90, 0x000001ebd2e5bd00, 0x000001ebd2e5d690,
0x000001ebd2e5e720, 0x000001ebd2e74530, 0x000001ebf20df560, 0x000001ebf217fb10,
0x000001ebf3dc2d60, 0x000001ebf48a6610, 0x000001ebf37e9d20, 0x000001ebf4927cd0,
0x000001ebf32087f0, 0x000001ebf3205ca0, 0x000001ebf3204350, 0x000001ebf32066c0,
0x000001ebf3206bd0, 0x000001ebf32061b0, 0x000001ebf3203420, 0x000001ebf3203930,
0x000001ebf3204860, 0x000001ebf3204d70, 0x000001ebf3205790, 0x000001ebf3205280,
0x000001ebf4872f10, 0x000001ebf48724f0, 0x000001ebf4873e40, 0x000001ebf4872a00,
0x000001ebf4873420, 0x000001ebf48710b0, 0x000001ebf4875ca0, 0x000001ebf4876bd0,
0x000001ebf48761b0, 0x000001ebf4873930, 0x000001ebf48775f0, 0x000001ebf4877b00,
0x000001ebf4875790, 0x000001ebf4875280, 0x000001ebf4874350, 0x000001ebf4878520,
0x000001ebf4878a30, 0x000001ebf5ae4f60, 0x000001ebf5ae63a0, 0x000001ebf5ae7cf0,
0x000001ebf5ae8200, 0x000001ebf5ae4a50, 0x000001ebf5ae8710, 0x000001ebf5ae8c20,
0x000001ebf5ae5470, 0x000001ebf5ae9130, 0x000001ebf5ae5980, 0x000001ebf5ae9640,
0x000001ebf5ae72d0, 0x000001ebf5ae5e90, 0x000001ebf5ae77e0, 0x000001ebf5ae6dc0,
0x000001ebf5aeb4a0, 0x000001ebf5aea570, 0x000001ebf5aebec0, 0x000001ebf5aec3d0,
0x000001ebf5ae9b50, 0x000001ebf5aea060, 0x000001ebf5aeaa80, 0x000001ebf51b4a90,
0x000001ebf51b68f0, 0x000001ebf51b54b0, 0x000001ebf51b59c0, 0x000001ebf51b5ed0,
0x000001ebf51b3b60, 0x000001ebf51b63e0, 0x000001ebf51b6e00, 0x000001ebf51b3650,
0x000001ebf51b7310, 0x000001ebf51b7820, 0x000001ebf51b4070, 0x000001ebf51b7d30,
0x000001ebf51b4580, 0x000001ebf51b9170, 0x000001ebf51baac0, 0x000001ebf51b9680,
0x000001ebf51b9b90, 0x000001ebf51b8750, 0x000001ebf51b8240, 0x000001ebf51ba0a0,
0x000001ebf51bafd0, 0x000001ebf51b8c60, 0x000001ebf51ba5b0, 0x000001ebf41aa5a0,
0x000001ebf41a9160, 0x000001ebf41abef0, 0x000001ebf41a8c50, 0x000001ebf41ab9e0,
0x000001ebf41a9670, 0x000001ebf41ac400, 0x000001ebf41a9b80, 0x000001ebf41aa090,
0x000001ebf41aaab0, 0x000001ebf41aafc0, 0x000001ebf41ab4d0, 0x000001ebf8e1dde0,
0x000001ebf8e1b560, 0x000001ebf8e1a630, 0x000001ebf8e1d8d0, 0x000001ebf8e1b050,
0x000001ebf8e1ceb0, 0x000001ebf8e1e2f0, 0x000001ebf8e1c9a0, 0x000001ebf8e1ba70,
0x000001ebf3dba290
}

Java Threads: ( => current thread )
  0x000001ebafdaaf40 JavaThread "main" [_thread_blocked, id=17680, stack(0x000000e2b7400000,0x000000e2b7500000)]
  0x000001ebd2e3afe0 JavaThread "Reference Handler" daemon [_thread_blocked, id=22248, stack(0x000000e2b7b00000,0x000000e2b7c00000)]
  0x000001ebd2e3c230 JavaThread "Finalizer" daemon [_thread_blocked, id=5108, stack(0x000000e2b7c00000,0x000000e2b7d00000)]
  0x000001ebd2e50540 JavaThread "Signal Dispatcher" daemon [_thread_blocked, id=22144, stack(0x000000e2b7d00000,0x000000e2b7e00000)]
  0x000001ebd2e52c30 JavaThread "Attach Listener" daemon [_thread_blocked, id=23600, stack(0x000000e2b7e00000,0x000000e2b7f00000)]
  0x000001ebd2e55c90 JavaThread "Service Thread" daemon [_thread_blocked, id=9676, stack(0x000000e2b7f00000,0x000000e2b8000000)]
  0x000001ebd2e5bd00 JavaThread "Monitor Deflation Thread" daemon [_thread_blocked, id=11500, stack(0x000000e2b8000000,0x000000e2b8100000)]
  0x000001ebd2e5d690 JavaThread "C2 CompilerThread0" daemon [_thread_blocked, id=12160, stack(0x000000e2b8100000,0x000000e2b8200000)]
  0x000001ebd2e5e720 JavaThread "C1 CompilerThread0" daemon [_thread_blocked, id=24292, stack(0x000000e2b8200000,0x000000e2b8300000)]
  0x000001ebd2e74530 JavaThread "Sweeper thread" daemon [_thread_blocked, id=24420, stack(0x000000e2b8300000,0x000000e2b8400000)]
  0x000001ebf20df560 JavaThread "Common-Cleaner" daemon [_thread_blocked, id=21104, stack(0x000000e2b8400000,0x000000e2b8500000)]
  0x000001ebf217fb10 JavaThread "Notification Thread" daemon [_thread_blocked, id=23928, stack(0x000000e2b8500000,0x000000e2b8600000)]
  0x000001ebf3dc2d60 JavaThread "Daemon health stats" [_thread_blocked, id=23660, stack(0x000000e2b8d00000,0x000000e2b8e00000)]
  0x000001ebf48a6610 JavaThread "Incoming local TCP Connector on port 62971" [_thread_in_native, id=14056, stack(0x000000e2b8c00000,0x000000e2b8d00000)]
  0x000001ebf37e9d20 JavaThread "Daemon periodic checks" [_thread_blocked, id=1996, stack(0x000000e2b8e00000,0x000000e2b8f00000)]
  0x000001ebf4927cd0 JavaThread "Daemon" [_thread_blocked, id=23544, stack(0x000000e2b8800000,0x000000e2b8900000)]
  0x000001ebf32087f0 JavaThread "Handler for socket connection from /127.0.0.1:62971 to /127.0.0.1:62972" [_thread_in_native, id=3336, stack(0x000000e2b8f00000,0x000000e2b9000000)]
  0x000001ebf3205ca0 JavaThread "Cancel handler" [_thread_blocked, id=23100, stack(0x000000e2b9000000,0x000000e2b9100000)]
  0x000001ebf3204350 JavaThread "Daemon worker" [_thread_in_vm, id=21860, stack(0x000000e2b9100000,0x000000e2b9200000)]
  0x000001ebf32066c0 JavaThread "Asynchronous log dispatcher for DefaultDaemonConnection: socket connection from /127.0.0.1:62971 to /127.0.0.1:62972" [_thread_blocked, id=3460, stack(0x000000e2b9200000,0x000000e2b9300000)]
  0x000001ebf3206bd0 JavaThread "Stdin handler" [_thread_blocked, id=25340, stack(0x000000e2b9300000,0x000000e2b9400000)]
  0x000001ebf32061b0 JavaThread "Daemon client event forwarder" [_thread_blocked, id=22008, stack(0x000000e2b9500000,0x000000e2b9600000)]
  0x000001ebf3203420 JavaThread "Cache worker for journal cache (C:\Users\Arrain053\.gradle\caches\journal-1)" [_thread_blocked, id=4008, stack(0x000000e2b9900000,0x000000e2b9a00000)]
  0x000001ebf3203930 JavaThread "File lock request listener" [_thread_in_native, id=19396, stack(0x000000e2b9a00000,0x000000e2b9b00000)]
  0x000001ebf3204860 JavaThread "Cache worker for file hash cache (C:\Users\Arrain053\.gradle\caches\8.7\fileHashes)" [_thread_blocked, id=12860, stack(0x000000e2b9b00000,0x000000e2b9c00000)]
  0x000001ebf3204d70 JavaThread "Cache worker for file hash cache (D:\MyApp\android\.gradle\8.7\fileHashes)" [_thread_blocked, id=4948, stack(0x000000e2b9d00000,0x000000e2b9e00000)]
  0x000001ebf3205790 JavaThread "File watcher server" daemon [_thread_in_native, id=23728, stack(0x000000e2b9e00000,0x000000e2b9f00000)]
  0x000001ebf3205280 JavaThread "File watcher consumer" daemon [_thread_blocked, id=2972, stack(0x000000e2b9f00000,0x000000e2ba000000)]
  0x000001ebf4872f10 JavaThread "Cache worker for checksums cache (D:\MyApp\android\.gradle\8.7\checksums)" [_thread_blocked, id=14528, stack(0x000000e2ba100000,0x000000e2ba200000)]
  0x000001ebf48724f0 JavaThread "Cache worker for cache directory md-supplier (C:\Users\Arrain053\.gradle\caches\8.7\md-supplier)" [_thread_blocked, id=22376, stack(0x000000e2b9c00000,0x000000e2b9d00000)]
  0x000001ebf4873e40 JavaThread "Cache worker for cache directory md-rule (C:\Users\Arrain053\.gradle\caches\8.7\md-rule)" [_thread_blocked, id=25452, stack(0x000000e2ba200000,0x000000e2ba300000)]
  0x000001ebf4872a00 JavaThread "Cache worker for file content cache (C:\Users\Arrain053\.gradle\caches\8.7\fileContent)" [_thread_blocked, id=18948, stack(0x000000e2b9400000,0x000000e2b9500000)]
  0x000001ebf4873420 JavaThread "jar transforms" [_thread_blocked, id=18628, stack(0x000000e2ba500000,0x000000e2ba600000)]
  0x000001ebf48710b0 JavaThread "jar transforms Thread 2" [_thread_blocked, id=21736, stack(0x000000e2ba600000,0x000000e2ba700000)]
  0x000001ebf4875ca0 JavaThread "jar transforms Thread 3" [_thread_blocked, id=23200, stack(0x000000e2ba700000,0x000000e2ba800000)]
  0x000001ebf4876bd0 JavaThread "jar transforms Thread 4" [_thread_blocked, id=21764, stack(0x000000e2ba800000,0x000000e2ba900000)]
  0x000001ebf48761b0 JavaThread "Exec process" [_thread_blocked, id=11756, stack(0x000000e2ba900000,0x000000e2baa00000)]
  0x000001ebf4873930 JavaThread "Exec process Thread 2" [_thread_blocked, id=13308, stack(0x000000e2ba400000,0x000000e2ba500000)]
  0x000001ebf48775f0 JavaThread "Exec process Thread 3" [_thread_blocked, id=13008, stack(0x000000e2baa00000,0x000000e2bab00000)]
  0x000001ebf4877b00 JavaThread "Unconstrained build operations" [_thread_blocked, id=18968, stack(0x000000e2bac00000,0x000000e2bad00000)]
  0x000001ebf4875790 JavaThread "Unconstrained build operations Thread 2" [_thread_blocked, id=17884, stack(0x000000e2bad00000,0x000000e2bae00000)]
  0x000001ebf4875280 JavaThread "Unconstrained build operations Thread 3" [_thread_blocked, id=11320, stack(0x000000e2bae00000,0x000000e2baf00000)]
  0x000001ebf4874350 JavaThread "Unconstrained build operations Thread 4" [_thread_blocked, id=512, stack(0x000000e2baf00000,0x000000e2bb000000)]
  0x000001ebf4878520 JavaThread "Cache worker for Build Output Cleanup Cache (D:\MyApp\node_modules\@react-native\gradle-plugin\.gradle\buildOutputCleanup)" [_thread_blocked, id=4040, stack(0x000000e2bb000000,0x000000e2bb100000)]
  0x000001ebf4878a30 JavaThread "Unconstrained build operations Thread 5" [_thread_blocked, id=24980, stack(0x000000e2bb100000,0x000000e2bb200000)]
  0x000001ebf5ae4f60 JavaThread "Unconstrained build operations Thread 6" [_thread_blocked, id=21072, stack(0x000000e2bb200000,0x000000e2bb300000)]
  0x000001ebf5ae63a0 JavaThread "Unconstrained build operations Thread 7" [_thread_blocked, id=6776, stack(0x000000e2bb300000,0x000000e2bb400000)]
  0x000001ebf5ae7cf0 JavaThread "Unconstrained build operations Thread 8" [_thread_blocked, id=21692, stack(0x000000e2bb400000,0x000000e2bb500000)]
  0x000001ebf5ae8200 JavaThread "Unconstrained build operations Thread 9" [_thread_blocked, id=8128, stack(0x000000e2bb500000,0x000000e2bb600000)]
  0x000001ebf5ae4a50 JavaThread "Unconstrained build operations Thread 10" [_thread_blocked, id=3868, stack(0x000000e2bb600000,0x000000e2bb700000)]
  0x000001ebf5ae8710 JavaThread "Unconstrained build operations Thread 11" [_thread_blocked, id=1932, stack(0x000000e2bb700000,0x000000e2bb800000)]
  0x000001ebf5ae8c20 JavaThread "Unconstrained build operations Thread 12" [_thread_blocked, id=25260, stack(0x000000e2bb800000,0x000000e2bb900000)]
  0x000001ebf5ae5470 JavaThread "Unconstrained build operations Thread 13" [_thread_blocked, id=23000, stack(0x000000e2bb900000,0x000000e2bba00000)]
  0x000001ebf5ae9130 JavaThread "Unconstrained build operations Thread 14" [_thread_blocked, id=17928, stack(0x000000e2bba00000,0x000000e2bbb00000)]
  0x000001ebf5ae5980 JavaThread "Unconstrained build operations Thread 15" [_thread_blocked, id=23228, stack(0x000000e2bbb00000,0x000000e2bbc00000)]
  0x000001ebf5ae9640 JavaThread "Unconstrained build operations Thread 16" [_thread_blocked, id=24332, stack(0x000000e2bbc00000,0x000000e2bbd00000)]
  0x000001ebf5ae72d0 JavaThread "Unconstrained build operations Thread 17" [_thread_blocked, id=2324, stack(0x000000e2bbd00000,0x000000e2bbe00000)]
  0x000001ebf5ae5e90 JavaThread "Unconstrained build operations Thread 18" [_thread_blocked, id=25080, stack(0x000000e2bbe00000,0x000000e2bbf00000)]
  0x000001ebf5ae77e0 JavaThread "Memory manager" [_thread_blocked, id=10992, stack(0x000000e2bbf00000,0x000000e2bc000000)]
  0x000001ebf5ae6dc0 JavaThread "build event listener" [_thread_blocked, id=8660, stack(0x000000e2bab00000,0x000000e2bac00000)]
  0x000001ebf5aeb4a0 JavaThread "Cache worker for Build Output Cleanup Cache (D:\MyApp\android\.gradle\buildOutputCleanup)" [_thread_blocked, id=14268, stack(0x000000e2bc000000,0x000000e2bc100000)]
  0x000001ebf5aea570 JavaThread "jar transforms Thread 5" [_thread_blocked, id=9960, stack(0x000000e2bc100000,0x000000e2bc200000)]
  0x000001ebf5aebec0 JavaThread "ForkJoinPool.commonPool-worker-1" daemon [_thread_blocked, id=22084, stack(0x000000e2bc200000,0x000000e2bc300000)]
  0x000001ebf5aec3d0 JavaThread "ForkJoinPool.commonPool-worker-2" daemon [_thread_blocked, id=2092, stack(0x000000e2bc300000,0x000000e2bc400000)]
  0x000001ebf5ae9b50 JavaThread "ForkJoinPool.commonPool-worker-3" daemon [_thread_blocked, id=19440, stack(0x000000e2bc400000,0x000000e2bc500000)]
  0x000001ebf5aea060 JavaThread "ForkJoinPool.commonPool-worker-4" daemon [_thread_blocked, id=21996, stack(0x000000e2bc500000,0x000000e2bc600000)]
  0x000001ebf5aeaa80 JavaThread "ForkJoinPool.commonPool-worker-5" daemon [_thread_blocked, id=25524, stack(0x000000e2bc600000,0x000000e2bc700000)]
  0x000001ebf51b4a90 JavaThread "ForkJoinPool.commonPool-worker-7" daemon [_thread_blocked, id=23520, stack(0x000000e2bc700000,0x000000e2bc800000)]
  0x000001ebf51b68f0 JavaThread "ForkJoinPool.commonPool-worker-6" daemon [_thread_blocked, id=5380, stack(0x000000e2bc800000,0x000000e2bc900000)]
  0x000001ebf51b54b0 JavaThread "included builds" [_thread_blocked, id=15872, stack(0x000000e2bc900000,0x000000e2bca00000)]
  0x000001ebf51b59c0 JavaThread "Execution worker" [_thread_blocked, id=13808, stack(0x000000e2bca00000,0x000000e2bcb00000)]
  0x000001ebf51b5ed0 JavaThread "Execution worker Thread 2" [_thread_blocked, id=24180, stack(0x000000e2bcb00000,0x000000e2bcc00000)]
  0x000001ebf51b3b60 JavaThread "Execution worker Thread 3" [_thread_blocked, id=20392, stack(0x000000e2bcc00000,0x000000e2bcd00000)]
  0x000001ebf51b63e0 JavaThread "Execution worker Thread 4" [_thread_blocked, id=7564, stack(0x000000e2bcd00000,0x000000e2bce00000)]
  0x000001ebf51b6e00 JavaThread "Execution worker Thread 5" [_thread_blocked, id=6300, stack(0x000000e2bce00000,0x000000e2bcf00000)]
  0x000001ebf51b3650 JavaThread "Execution worker Thread 6" [_thread_blocked, id=11420, stack(0x000000e2bcf00000,0x000000e2bd000000)]
  0x000001ebf51b7310 JavaThread "Execution worker Thread 7" [_thread_blocked, id=9480, stack(0x000000e2bd000000,0x000000e2bd100000)]
  0x000001ebf51b7820 JavaThread "Cache worker for execution history cache (D:\MyApp\node_modules\@react-native\gradle-plugin\.gradle\8.7\executionHistory)" [_thread_blocked, id=19844, stack(0x000000e2bd100000,0x000000e2bd200000)]
  0x000001ebf51b4070 JavaThread "Unconstrained build operations Thread 19" [_thread_blocked, id=17100, stack(0x000000e2bd300000,0x000000e2bd400000)]
  0x000001ebf51b7d30 JavaThread "Unconstrained build operations Thread 20" [_thread_blocked, id=23900, stack(0x000000e2bd400000,0x000000e2bd500000)]
  0x000001ebf51b4580 JavaThread "Unconstrained build operations Thread 21" [_thread_blocked, id=22792, stack(0x000000e2bd500000,0x000000e2bd600000)]
  0x000001ebf51b9170 JavaThread "Unconstrained build operations Thread 22" [_thread_blocked, id=22988, stack(0x000000e2bd600000,0x000000e2bd700000)]
  0x000001ebf51baac0 JavaThread "Unconstrained build operations Thread 23" [_thread_blocked, id=24864, stack(0x000000e2bd700000,0x000000e2bd800000)]
  0x000001ebf51b9680 JavaThread "Unconstrained build operations Thread 24" [_thread_blocked, id=1628, stack(0x000000e2bd800000,0x000000e2bd900000)]
  0x000001ebf51b9b90 JavaThread "Unconstrained build operations Thread 25" [_thread_blocked, id=1304, stack(0x000000e2bd900000,0x000000e2bda00000)]
  0x000001ebf51b8750 JavaThread "Unconstrained build operations Thread 26" [_thread_blocked, id=6760, stack(0x000000e2bda00000,0x000000e2bdb00000)]
  0x000001ebf51b8240 JavaThread "Unconstrained build operations Thread 27" [_thread_blocked, id=18944, stack(0x000000e2bdb00000,0x000000e2bdc00000)]
  0x000001ebf51ba0a0 JavaThread "Unconstrained build operations Thread 28" [_thread_blocked, id=18764, stack(0x000000e2bdc00000,0x000000e2bdd00000)]
  0x000001ebf51bafd0 JavaThread "Unconstrained build operations Thread 29" [_thread_blocked, id=22304, stack(0x000000e2bdd00000,0x000000e2bde00000)]
  0x000001ebf51b8c60 JavaThread "Unconstrained build operations Thread 30" [_thread_blocked, id=25432, stack(0x000000e2bde00000,0x000000e2bdf00000)]
  0x000001ebf51ba5b0 JavaThread "Unconstrained build operations Thread 31" [_thread_blocked, id=10636, stack(0x000000e2bdf00000,0x000000e2be000000)]
  0x000001ebf41aa5a0 JavaThread "Unconstrained build operations Thread 32" [_thread_blocked, id=24600, stack(0x000000e2be000000,0x000000e2be100000)]
  0x000001ebf41a9160 JavaThread "Unconstrained build operations Thread 33" [_thread_blocked, id=14156, stack(0x000000e2be100000,0x000000e2be200000)]
  0x000001ebf41abef0 JavaThread "Unconstrained build operations Thread 34" [_thread_blocked, id=8152, stack(0x000000e2be200000,0x000000e2be300000)]
  0x000001ebf41a8c50 JavaThread "Unconstrained build operations Thread 35" [_thread_blocked, id=14532, stack(0x000000e2be300000,0x000000e2be400000)]
  0x000001ebf41ab9e0 JavaThread "Unconstrained build operations Thread 36" [_thread_blocked, id=12880, stack(0x000000e2be400000,0x000000e2be500000)]
  0x000001ebf41a9670 JavaThread "Unconstrained build operations Thread 37" [_thread_blocked, id=17412, stack(0x000000e2be500000,0x000000e2be600000)]
  0x000001ebf41ac400 JavaThread "Unconstrained build operations Thread 38" [_thread_blocked, id=19568, stack(0x000000e2be600000,0x000000e2be700000)]
  0x000001ebf41a9b80 JavaThread "Unconstrained build operations Thread 39" [_thread_blocked, id=19296, stack(0x000000e2be700000,0x000000e2be800000)]
  0x000001ebf41aa090 JavaThread "Unconstrained build operations Thread 40" [_thread_blocked, id=19580, stack(0x000000e2be800000,0x000000e2be900000)]
  0x000001ebf41aaab0 JavaThread "Unconstrained build operations Thread 41" [_thread_blocked, id=21596, stack(0x000000e2be900000,0x000000e2bea00000)]
  0x000001ebf41aafc0 JavaThread "Unconstrained build operations Thread 42" [_thread_blocked, id=20900, stack(0x000000e2bea00000,0x000000e2beb00000)]
  0x000001ebf41ab4d0 JavaThread "Unconstrained build operations Thread 43" [_thread_blocked, id=20544, stack(0x000000e2beb00000,0x000000e2bec00000)]
  0x000001ebf8e1dde0 JavaThread "Unconstrained build operations Thread 44" [_thread_blocked, id=8140, stack(0x000000e2bec00000,0x000000e2bed00000)]
  0x000001ebf8e1b560 JavaThread "Unconstrained build operations Thread 45" [_thread_blocked, id=3684, stack(0x000000e2bed00000,0x000000e2bee00000)]
  0x000001ebf8e1a630 JavaThread "Unconstrained build operations Thread 46" [_thread_blocked, id=20128, stack(0x000000e2bee00000,0x000000e2bef00000)]
  0x000001ebf8e1d8d0 JavaThread "Unconstrained build operations Thread 47" [_thread_blocked, id=8284, stack(0x000000e2bef00000,0x000000e2bf000000)]
  0x000001ebf8e1b050 JavaThread "Unconstrained build operations Thread 48" [_thread_blocked, id=17180, stack(0x000000e2bf000000,0x000000e2bf100000)]
  0x000001ebf8e1ceb0 JavaThread "jar transforms Thread 6" [_thread_blocked, id=16364, stack(0x000000e2bf100000,0x000000e2bf200000)]
  0x000001ebf8e1e2f0 JavaThread "jar transforms Thread 7" [_thread_blocked, id=25480, stack(0x000000e2bf200000,0x000000e2bf300000)]
  0x000001ebf8e1c9a0 JavaThread "jar transforms Thread 8" [_thread_blocked, id=21884, stack(0x000000e2bf300000,0x000000e2bf400000)]
  0x000001ebf8e1ba70 JavaThread "build event listener" [_thread_blocked, id=12344, stack(0x000000e2ba300000,0x000000e2ba400000)]
=>0x000001ebf3dba290 JavaThread "C2 CompilerThread1" daemon [_thread_in_native, id=20072, stack(0x000000e2bf500000,0x000000e2bf600000)]

Other Threads:
  0x000001ebd2e36080 VMThread "VM Thread" [stack: 0x000000e2b7a00000,0x000000e2b7b00000] [id=14312]
  0x000001ebf2254050 WatcherThread [stack: 0x000000e2b8600000,0x000000e2b8700000] [id=8744]
  0x000001ebafe193b0 GCTaskThread "GC Thread#0" [stack: 0x000000e2b7500000,0x000000e2b7600000] [id=9108]
  0x000001ebf2c8d610 GCTaskThread "GC Thread#1" [stack: 0x000000e2b8900000,0x000000e2b8a00000] [id=22768]
  0x000001ebf2c4bff0 GCTaskThread "GC Thread#2" [stack: 0x000000e2b8a00000,0x000000e2b8b00000] [id=17224]
  0x000001ebf2c4c2b0 GCTaskThread "GC Thread#3" [stack: 0x000000e2b8b00000,0x000000e2b8c00000] [id=16796]
  0x000001ebf24ac410 GCTaskThread "GC Thread#4" [stack: 0x000000e2b8700000,0x000000e2b8800000] [id=10296]
  0x000001ebf3818430 GCTaskThread "GC Thread#5" [stack: 0x000000e2b9600000,0x000000e2b9700000] [id=15960]
  0x000001ebf4b79e50 GCTaskThread "GC Thread#6" [stack: 0x000000e2b9700000,0x000000e2b9800000] [id=20604]
  0x000001ebf401a870 GCTaskThread "GC Thread#7" [stack: 0x000000e2b9800000,0x000000e2b9900000] [id=22004]
  0x000001ebafe2a370 ConcurrentGCThread "G1 Main Marker" [stack: 0x000000e2b7600000,0x000000e2b7700000] [id=12320]
  0x000001ebafe2b810 ConcurrentGCThread "G1 Conc#0" [stack: 0x000000e2b7700000,0x000000e2b7800000] [id=20816]
  0x000001ebf50cc300 ConcurrentGCThread "G1 Conc#1" [stack: 0x000000e2ba000000,0x000000e2ba100000] [id=2388]
  0x000001ebd2cce140 ConcurrentGCThread "G1 Refine#0" [stack: 0x000000e2b7800000,0x000000e2b7900000] [id=2804]
  0x000001ebd2cce430 ConcurrentGCThread "G1 Service" [stack: 0x000000e2b7900000,0x000000e2b7a00000] [id=18076]

Threads with active compile tasks:
C2 CompilerThread1    39890 11448       4       java.beans.Introspector::addMethod (196 bytes)

VM state: not at safepoint (normal execution)

VM Mutex/Monitor currently owned by a thread: None

Heap address: 0x0000000700000000, size: 4096 MB, Compressed Oops mode: Zero based, Oop shift amount: 3

CDS archive(s) mapped at: [0x000001ebd3000000-0x000001ebd3bb0000-0x000001ebd3bb0000), size 12255232, SharedBaseAddress: 0x000001ebd3000000, ArchiveRelocationMode: 1.
Compressed class space mapped at: 0x000001ebd4000000-0x000001ebee000000, reserved size: 436207616
Narrow klass base: 0x000001ebd3000000, Narrow klass shift: 0, Narrow klass range: 0x100000000

GC Precious Log:
 CPUs: 8 total, 8 available
 Memory: 7502M
 Large Page Support: Disabled
 NUMA Support: Disabled
 Compressed Oops: Enabled (Zero based)
 Heap Region Size: 2M
 Heap Min Capacity: 8M
 Heap Initial Capacity: 118M
 Heap Max Capacity: 4G
 Pre-touch: Disabled
 Parallel Workers: 8
 Concurrent Workers: 2
 Concurrent Refinement Workers: 8
 Periodic GC: Disabled

Heap:
 garbage-first heap   total 167936K, used 113718K [0x0000000700000000, 0x0000000800000000)
  region size 2048K, 12 young (24576K), 3 survivors (6144K)
 Metaspace       used 91053K, committed 91904K, reserved 557056K
  class space    used 12591K, committed 12992K, reserved 425984K

Heap Regions: E=young(eden), S=young(survivor), O=old, HS=humongous(starts), HC=humongous(continues), CS=collection set, F=free, OA=open archive, CA=closed archive, TAMS=top-at-mark-start (previous, next)
|   0|0x0000000700000000, 0x0000000700200000, 0x0000000700200000|100%|HS|  |TAMS 0x0000000700200000, 0x0000000700000000| Complete 
|   1|0x0000000700200000, 0x0000000700400000, 0x0000000700400000|100%|HC|  |TAMS 0x0000000700400000, 0x0000000700200000| Complete 
|   2|0x0000000700400000, 0x0000000700600000, 0x0000000700600000|100%| O|  |TAMS 0x0000000700600000, 0x0000000700400000| Untracked 
|   3|0x0000000700600000, 0x0000000700800000, 0x0000000700800000|100%| O|  |TAMS 0x0000000700800000, 0x0000000700600000| Untracked 
|   4|0x0000000700800000, 0x0000000700a00000, 0x0000000700a00000|100%| O|  |TAMS 0x0000000700a00000, 0x0000000700800000| Untracked 
|   5|0x0000000700a00000, 0x0000000700c00000, 0x0000000700c00000|100%| O|  |TAMS 0x0000000700c00000, 0x0000000700a00000| Untracked 
|   6|0x0000000700c00000, 0x0000000700e00000, 0x0000000700e00000|100%| O|  |TAMS 0x0000000700e00000, 0x0000000700c00000| Untracked 
|   7|0x0000000700e00000, 0x0000000701000000, 0x0000000701000000|100%| O|  |TAMS 0x0000000701000000, 0x0000000700e00000| Untracked 
|   8|0x0000000701000000, 0x0000000701200000, 0x0000000701200000|100%| O|  |TAMS 0x0000000701200000, 0x0000000701000000| Untracked 
|   9|0x0000000701200000, 0x0000000701400000, 0x0000000701400000|100%| O|  |TAMS 0x0000000701400000, 0x0000000701200000| Untracked 
|  10|0x0000000701400000, 0x0000000701600000, 0x0000000701600000|100%| O|  |TAMS 0x0000000701600000, 0x0000000701400000| Untracked 
|  11|0x0000000701600000, 0x0000000701800000, 0x0000000701800000|100%| O|  |TAMS 0x0000000701800000, 0x0000000701600000| Untracked 
|  12|0x0000000701800000, 0x0000000701a00000, 0x0000000701a00000|100%| O|  |TAMS 0x0000000701a00000, 0x0000000701800000| Untracked 
|  13|0x0000000701a00000, 0x0000000701c00000, 0x0000000701c00000|100%| O|  |TAMS 0x0000000701c00000, 0x0000000701a00000| Untracked 
|  14|0x0000000701c00000, 0x0000000701e00000, 0x0000000701e00000|100%| O|  |TAMS 0x0000000701e00000, 0x0000000701c00000| Untracked 
|  15|0x0000000701e00000, 0x0000000702000000, 0x0000000702000000|100%| O|  |TAMS 0x0000000702000000, 0x0000000701e00000| Untracked 
|  16|0x0000000702000000, 0x0000000702200000, 0x0000000702200000|100%| O|  |TAMS 0x0000000702200000, 0x0000000702000000| Untracked 
|  17|0x0000000702200000, 0x0000000702400000, 0x0000000702400000|100%| O|  |TAMS 0x0000000702400000, 0x0000000702200000| Untracked 
|  18|0x0000000702400000, 0x0000000702600000, 0x0000000702600000|100%| O|  |TAMS 0x0000000702600000, 0x0000000702400000| Untracked 
|  19|0x0000000702600000, 0x0000000702800000, 0x0000000702800000|100%| O|  |TAMS 0x0000000702800000, 0x0000000702600000| Untracked 
|  20|0x0000000702800000, 0x0000000702a00000, 0x0000000702a00000|100%| O|  |TAMS 0x0000000702a00000, 0x0000000702800000| Untracked 
|  21|0x0000000702a00000, 0x0000000702c00000, 0x0000000702c00000|100%|HS|  |TAMS 0x0000000702c00000, 0x0000000702a00000| Complete 
|  22|0x0000000702c00000, 0x0000000702e00000, 0x0000000702e00000|100%|HS|  |TAMS 0x0000000702e00000, 0x0000000702c00000| Complete 
|  23|0x0000000702e00000, 0x0000000703000000, 0x0000000703000000|100%| O|  |TAMS 0x0000000703000000, 0x0000000702e00000| Untracked 
|  24|0x0000000703000000, 0x0000000703200000, 0x0000000703200000|100%|HS|  |TAMS 0x0000000703200000, 0x0000000703000000| Complete 
|  25|0x0000000703200000, 0x0000000703400000, 0x0000000703400000|100%|HC|  |TAMS 0x0000000703400000, 0x0000000703200000| Complete 
|  26|0x0000000703400000, 0x0000000703600000, 0x0000000703600000|100%|HS|  |TAMS 0x0000000703600000, 0x0000000703400000| Complete 
|  27|0x0000000703600000, 0x0000000703800000, 0x0000000703800000|100%|HC|  |TAMS 0x0000000703800000, 0x0000000703600000| Complete 
|  28|0x0000000703800000, 0x0000000703a00000, 0x0000000703a00000|100%| O|  |TAMS 0x0000000703a00000, 0x0000000703800000| Untracked 
|  29|0x0000000703a00000, 0x0000000703c00000, 0x0000000703c00000|100%| O|  |TAMS 0x0000000703c00000, 0x0000000703a00000| Untracked 
|  30|0x0000000703c00000, 0x0000000703e00000, 0x0000000703e00000|100%| O|  |TAMS 0x0000000703e00000, 0x0000000703c00000| Untracked 
|  31|0x0000000703e00000, 0x0000000704000000, 0x0000000704000000|100%| O|  |TAMS 0x0000000704000000, 0x0000000703e00000| Untracked 
|  32|0x0000000704000000, 0x0000000704200000, 0x0000000704200000|100%| O|  |TAMS 0x0000000704200000, 0x0000000704000000| Untracked 
|  33|0x0000000704200000, 0x0000000704400000, 0x0000000704400000|100%| O|  |TAMS 0x0000000704400000, 0x0000000704200000| Untracked 
|  34|0x0000000704400000, 0x0000000704600000, 0x0000000704600000|100%| O|  |TAMS 0x0000000704600000, 0x0000000704400000| Untracked 
|  35|0x0000000704600000, 0x0000000704800000, 0x0000000704800000|100%| O|  |TAMS 0x0000000704800000, 0x0000000704600000| Untracked 
|  36|0x0000000704800000, 0x0000000704a00000, 0x0000000704a00000|100%| O|  |TAMS 0x0000000704a00000, 0x0000000704800000| Untracked 
|  37|0x0000000704a00000, 0x0000000704c00000, 0x0000000704c00000|100%| O|  |TAMS 0x0000000704c00000, 0x0000000704a00000| Untracked 
|  38|0x0000000704c00000, 0x0000000704e00000, 0x0000000704e00000|100%| O|  |TAMS 0x0000000704e00000, 0x0000000704c00000| Untracked 
|  39|0x0000000704e00000, 0x0000000705000000, 0x0000000705000000|100%| O|  |TAMS 0x0000000705000000, 0x0000000704e00000| Untracked 
|  40|0x0000000705000000, 0x0000000705200000, 0x0000000705200000|100%| O|  |TAMS 0x0000000705200000, 0x0000000705000000| Untracked 
|  41|0x0000000705200000, 0x0000000705400000, 0x0000000705400000|100%| O|  |TAMS 0x0000000705400000, 0x0000000705200000| Untracked 
|  42|0x0000000705400000, 0x0000000705600000, 0x0000000705600000|100%| O|  |TAMS 0x0000000705600000, 0x0000000705400000| Untracked 
|  43|0x0000000705600000, 0x0000000705800000, 0x0000000705800000|100%| O|  |TAMS 0x0000000705705a00, 0x0000000705600000| Untracked 
|  44|0x0000000705800000, 0x0000000705991c00, 0x0000000705a00000| 78%| O|  |TAMS 0x0000000705800000, 0x0000000705800000| Untracked 
|  45|0x0000000705a00000, 0x0000000705a00000, 0x0000000705c00000|  0%| F|  |TAMS 0x0000000705a00000, 0x0000000705a00000| Untracked 
|  46|0x0000000705c00000, 0x0000000705c00000, 0x0000000705e00000|  0%| F|  |TAMS 0x0000000705c00000, 0x0000000705c00000| Untracked 
|  47|0x0000000705e00000, 0x0000000705e00000, 0x0000000706000000|  0%| F|  |TAMS 0x0000000705e00000, 0x0000000705e00000| Untracked 
|  48|0x0000000706000000, 0x0000000706000000, 0x0000000706200000|  0%| F|  |TAMS 0x0000000706000000, 0x0000000706000000| Untracked 
|  49|0x0000000706200000, 0x0000000706200000, 0x0000000706400000|  0%| F|  |TAMS 0x0000000706200000, 0x0000000706200000| Untracked 
|  50|0x0000000706400000, 0x0000000706400000, 0x0000000706600000|  0%| F|  |TAMS 0x0000000706400000, 0x0000000706400000| Untracked 
|  51|0x0000000706600000, 0x0000000706600000, 0x0000000706800000|  0%| F|  |TAMS 0x0000000706600000, 0x0000000706600000| Untracked 
|  52|0x0000000706800000, 0x0000000706800000, 0x0000000706a00000|  0%| F|  |TAMS 0x0000000706800000, 0x0000000706800000| Untracked 
|  53|0x0000000706a00000, 0x0000000706a00000, 0x0000000706c00000|  0%| F|  |TAMS 0x0000000706a00000, 0x0000000706a00000| Untracked 
|  54|0x0000000706c00000, 0x0000000706c00000, 0x0000000706e00000|  0%| F|  |TAMS 0x0000000706c00000, 0x0000000706c00000| Untracked 
|  55|0x0000000706e00000, 0x0000000706e00000, 0x0000000707000000|  0%| F|  |TAMS 0x0000000706e00000, 0x0000000706e00000| Untracked 
|  56|0x0000000707000000, 0x0000000707000000, 0x0000000707200000|  0%| F|  |TAMS 0x0000000707000000, 0x0000000707000000| Untracked 
|  57|0x0000000707200000, 0x000000070737be60, 0x0000000707400000| 74%| S|CS|TAMS 0x0000000707200000, 0x0000000707200000| Complete 
|  58|0x0000000707400000, 0x0000000707400000, 0x0000000707600000|  0%| F|  |TAMS 0x0000000707400000, 0x0000000707400000| Untracked 
|  59|0x0000000707600000, 0x0000000707600000, 0x0000000707800000|  0%| F|  |TAMS 0x0000000707600000, 0x0000000707600000| Untracked 
|  60|0x0000000707800000, 0x0000000707a00000, 0x0000000707a00000|100%| S|CS|TAMS 0x0000000707800000, 0x0000000707800000| Complete 
|  61|0x0000000707a00000, 0x0000000707c00000, 0x0000000707c00000|100%| S|CS|TAMS 0x0000000707a00000, 0x0000000707a00000| Complete 
|  62|0x0000000707c00000, 0x0000000707c00000, 0x0000000707e00000|  0%| F|  |TAMS 0x0000000707c00000, 0x0000000707c00000| Untracked 
|  63|0x0000000707e00000, 0x0000000707e00000, 0x0000000708000000|  0%| F|  |TAMS 0x0000000707e00000, 0x0000000707e00000| Untracked 
|  64|0x0000000708000000, 0x0000000708000000, 0x0000000708200000|  0%| F|  |TAMS 0x0000000708000000, 0x0000000708000000| Untracked 
|  65|0x0000000708200000, 0x0000000708200000, 0x0000000708400000|  0%| F|  |TAMS 0x0000000708200000, 0x0000000708200000| Untracked 
|  66|0x0000000708400000, 0x0000000708400000, 0x0000000708600000|  0%| F|  |TAMS 0x0000000708400000, 0x0000000708400000| Untracked 
|  67|0x0000000708600000, 0x0000000708600000, 0x0000000708800000|  0%| F|  |TAMS 0x0000000708600000, 0x0000000708600000| Untracked 
|  68|0x0000000708800000, 0x0000000708800000, 0x0000000708a00000|  0%| F|  |TAMS 0x0000000708800000, 0x0000000708800000| Untracked 
|  69|0x0000000708a00000, 0x0000000708a00000, 0x0000000708c00000|  0%| F|  |TAMS 0x0000000708a00000, 0x0000000708a00000| Untracked 
|  70|0x0000000708c00000, 0x0000000708c00000, 0x0000000708e00000|  0%| F|  |TAMS 0x0000000708c00000, 0x0000000708c00000| Untracked 
|  71|0x0000000708e00000, 0x0000000708e00000, 0x0000000709000000|  0%| F|  |TAMS 0x0000000708e00000, 0x0000000708e00000| Untracked 
|  72|0x0000000709000000, 0x0000000709000000, 0x0000000709200000|  0%| F|  |TAMS 0x0000000709000000, 0x0000000709000000| Untracked 
|  73|0x0000000709200000, 0x000000070939c1c0, 0x0000000709400000| 80%| E|  |TAMS 0x0000000709200000, 0x0000000709200000| Complete 
|  74|0x0000000709400000, 0x0000000709600000, 0x0000000709600000|100%| E|CS|TAMS 0x0000000709400000, 0x0000000709400000| Complete 
|  75|0x0000000709600000, 0x0000000709800000, 0x0000000709800000|100%| E|CS|TAMS 0x0000000709600000, 0x0000000709600000| Complete 
|  76|0x0000000709800000, 0x0000000709a00000, 0x0000000709a00000|100%| E|CS|TAMS 0x0000000709800000, 0x0000000709800000| Complete 
|  77|0x0000000709a00000, 0x0000000709c00000, 0x0000000709c00000|100%| E|CS|TAMS 0x0000000709a00000, 0x0000000709a00000| Complete 
|  78|0x0000000709c00000, 0x0000000709e00000, 0x0000000709e00000|100%| E|CS|TAMS 0x0000000709c00000, 0x0000000709c00000| Complete 
|  79|0x0000000709e00000, 0x000000070a000000, 0x000000070a000000|100%| E|CS|TAMS 0x0000000709e00000, 0x0000000709e00000| Complete 
|  80|0x000000070a000000, 0x000000070a200000, 0x000000070a200000|100%| E|CS|TAMS 0x000000070a000000, 0x000000070a000000| Complete 
|  81|0x000000070a200000, 0x000000070a400000, 0x000000070a400000|100%| E|CS|TAMS 0x000000070a200000, 0x000000070a200000| Complete 

Card table byte_map: [0x000001ebc7410000,0x000001ebc7c10000] _byte_map_base: 0x000001ebc3c10000

Marking Bits (Prev, Next): (CMBitMap*) 0x000001ebafe198e0, (CMBitMap*) 0x000001ebafe19920
 Prev Bits: [0x000001ebc8410000, 0x000001ebcc410000)
 Next Bits: [0x000001ebcc410000, 0x000001ebd0410000)

Polling page: 0x000001ebae100000

Metaspace:

Usage:
  Non-class:     76.63 MB used.
      Class:     12.30 MB used.
       Both:     88.93 MB used.

Virtual space:
  Non-class space:      128.00 MB reserved,      77.06 MB ( 60%) committed,  2 nodes.
      Class space:      416.00 MB reserved,      12.69 MB (  3%) committed,  1 nodes.
             Both:      544.00 MB reserved,      89.75 MB ( 16%) committed. 

Chunk freelists:
   Non-Class:  2.03 MB
       Class:  3.35 MB
        Both:  5.38 MB

MaxMetaspaceSize: 512.00 MB
CompressedClassSpaceSize: 416.00 MB
Initial GC threshold: 21.00 MB
Current GC threshold: 147.44 MB
CDS: on
MetaspaceReclaimPolicy: balanced
 - commit_granule_bytes: 65536.
 - commit_granule_words: 8192.
 - virtual_space_node_default_size: 8388608.
 - enlarge_chunks_in_place: 1.
 - new_chunks_are_fully_committed: 0.
 - uncommit_free_chunks: 1.
 - use_allocation_guard: 0.
 - handle_deallocations: 1.


Internal statistics:

num_allocs_failed_limit: 6.
num_arena_births: 1116.
num_arena_deaths: 0.
num_vsnodes_births: 3.
num_vsnodes_deaths: 0.
num_space_committed: 1436.
num_space_uncommitted: 0.
num_chunks_returned_to_freelist: 6.
num_chunks_taken_from_freelist: 4939.
num_chunk_merges: 6.
num_chunk_splits: 3260.
num_chunks_enlarged: 2177.
num_inconsistent_stats: 0.

CodeHeap 'non-profiled nmethods': size=120000Kb used=5748Kb max_used=5748Kb free=114252Kb
 bounds [0x000001ebbf3b0000, 0x000001ebbf970000, 0x000001ebc68e0000]
CodeHeap 'profiled nmethods': size=120000Kb used=19357Kb max_used=19546Kb free=100642Kb
 bounds [0x000001ebb78e0000, 0x000001ebb8c20000, 0x000001ebbee10000]
CodeHeap 'non-nmethods': size=5760Kb used=2392Kb max_used=2455Kb free=3367Kb
 bounds [0x000001ebbee10000, 0x000001ebbf090000, 0x000001ebbf3b0000]
 total_blobs=10789 nmethods=9865 adapters=835
 compilation: enabled
              stopped_count=0, restarted_count=0
 full_count=0

Compilation events (20 events):
Event: 36.265 Thread 0x000001ebd2e5e720 11471       3       java.util.stream.StreamSupport::intStream (14 bytes)
Event: 36.265 Thread 0x000001ebd2e5d690 nmethod 11462 0x000001ebbf686f10 code [0x000001ebbf687080, 0x000001ebbf687338]
Event: 36.265 Thread 0x000001ebd2e5e720 nmethod 11471 0x000001ebb7bf1c90 code [0x000001ebb7bf1e40, 0x000001ebb7bf2118]
Event: 36.265 Thread 0x000001ebd2e5e720 11472       3       java.util.stream.IntPipeline$Head::<init> (8 bytes)
Event: 36.265 Thread 0x000001ebd2e5d690 11451   !   4       com.sun.beans.TypeResolver::resolve (264 bytes)
Event: 36.265 Thread 0x000001ebd2e5e720 nmethod 11472 0x000001ebb7daf010 code [0x000001ebb7daf1c0, 0x000001ebb7daf348]
Event: 36.274 Thread 0x000001ebd2e5e720 11473       3       org.gradle.api.internal.provider.ValueSupplier$Missing::asType (8 bytes)
Event: 36.275 Thread 0x000001ebd2e5e720 nmethod 11473 0x000001ebb82b1790 code [0x000001ebb82b1920, 0x000001ebb82b1a78]
Event: 36.276 Thread 0x000001ebd2e5e720 11474       1       org.gradle.internal.concurrent.AbstractManagedExecutor::access$100 (5 bytes)
Event: 36.276 Thread 0x000001ebd2e5e720 nmethod 11474 0x000001ebbf686c10 code [0x000001ebbf686da0, 0x000001ebbf686e58]
Event: 38.886 Thread 0x000001ebd2e5e720 11476       2       org.gradle.internal.logging.text.AbstractLineChoppingStyledTextOutput$1::execute (9 bytes)
Event: 38.887 Thread 0x000001ebd2e5e720 nmethod 11476 0x000001ebb7add710 code [0x000001ebb7add8a0, 0x000001ebb7adda08]
Event: 38.887 Thread 0x000001ebd2e5e720 11477       2       org.gradle.internal.logging.text.AbstractLineChoppingStyledTextOutput$1::execute (140 bytes)
Event: 38.888 Thread 0x000001ebd2e5e720 nmethod 11477 0x000001ebb8159e90 code [0x000001ebb815a0c0, 0x000001ebb815a5f8]
Event: 38.888 Thread 0x000001ebd2e5e720 11478       2       org.gradle.internal.logging.text.AbstractLineChoppingStyledTextOutput$2::execute (77 bytes)
Event: 38.888 Thread 0x000001ebd2e5e720 nmethod 11478 0x000001ebb7adcc90 code [0x000001ebb7adcea0, 0x000001ebb7add2c8]
Event: 38.888 Thread 0x000001ebd2e5e720 11479   !   3       java.nio.charset.CharsetEncoder::encode (273 bytes)
Event: 38.890 Thread 0x000001ebd2e5e720 nmethod 11479 0x000001ebb7c97290 code [0x000001ebb7c97580, 0x000001ebb7c987c8]
Event: 38.890 Thread 0x000001ebd2e5e720 11475       3       org.gradle.internal.logging.text.AbstractStyledTextOutput::style (20 bytes)
Event: 38.891 Thread 0x000001ebd2e5e720 nmethod 11475 0x000001ebb8159990 code [0x000001ebb8159b40, 0x000001ebb8159dc8]

GC Heap History (20 events):
Event: 29.577 GC heap before
{Heap before GC invocations=32 (full 0):
 garbage-first heap   total 120832K, used 94589K [0x0000000700000000, 0x0000000800000000)
  region size 2048K, 16 young (32768K), 3 survivors (6144K)
 Metaspace       used 73920K, committed 74624K, reserved 491520K
  class space    used 10296K, committed 10624K, reserved 425984K
}
Event: 29.586 GC heap after
{Heap after GC invocations=33 (full 0):
 garbage-first heap   total 120832K, used 69870K [0x0000000700000000, 0x0000000800000000)
  region size 2048K, 2 young (4096K), 2 survivors (4096K)
 Metaspace       used 73920K, committed 74624K, reserved 491520K
  class space    used 10296K, committed 10624K, reserved 425984K
}
Event: 30.742 GC heap before
{Heap before GC invocations=33 (full 0):
 garbage-first heap   total 120832K, used 96494K [0x0000000700000000, 0x0000000800000000)
  region size 2048K, 16 young (32768K), 2 survivors (4096K)
 Metaspace       used 75768K, committed 76480K, reserved 557056K
  class space    used 10621K, committed 10944K, reserved 425984K
}
Event: 30.754 GC heap after
{Heap after GC invocations=34 (full 0):
 garbage-first heap   total 120832K, used 71680K [0x0000000700000000, 0x0000000800000000)
  region size 2048K, 2 young (4096K), 2 survivors (4096K)
 Metaspace       used 75768K, committed 76480K, reserved 557056K
  class space    used 10621K, committed 10944K, reserved 425984K
}
Event: 31.529 GC heap before
{Heap before GC invocations=35 (full 0):
 garbage-first heap   total 126976K, used 96256K [0x0000000700000000, 0x0000000800000000)
  region size 2048K, 15 young (30720K), 2 survivors (4096K)
 Metaspace       used 76403K, committed 77120K, reserved 557056K
  class space    used 10710K, committed 11072K, reserved 425984K
}
Event: 31.538 GC heap after
{Heap after GC invocations=36 (full 0):
 garbage-first heap   total 126976K, used 72863K [0x0000000700000000, 0x0000000800000000)
  region size 2048K, 1 young (2048K), 1 survivors (2048K)
 Metaspace       used 76403K, committed 77120K, reserved 557056K
  class space    used 10710K, committed 11072K, reserved 425984K
}
Event: 31.629 GC heap before
{Heap before GC invocations=36 (full 0):
 garbage-first heap   total 126976K, used 76959K [0x0000000700000000, 0x0000000800000000)
  region size 2048K, 3 young (6144K), 1 survivors (2048K)
 Metaspace       used 76472K, committed 77248K, reserved 557056K
  class space    used 10723K, committed 11072K, reserved 425984K
}
Event: 31.635 GC heap after
{Heap after GC invocations=37 (full 0):
 garbage-first heap   total 153600K, used 72714K [0x0000000700000000, 0x0000000800000000)
  region size 2048K, 1 young (2048K), 1 survivors (2048K)
 Metaspace       used 76472K, committed 77248K, reserved 557056K
  class space    used 10723K, committed 11072K, reserved 425984K
}
Event: 32.702 GC heap before
{Heap before GC invocations=37 (full 0):
 garbage-first heap   total 153600K, used 119818K [0x0000000700000000, 0x0000000800000000)
  region size 2048K, 25 young (51200K), 1 survivors (2048K)
 Metaspace       used 79203K, committed 80064K, reserved 557056K
  class space    used 11051K, committed 11456K, reserved 425984K
}
Event: 32.709 GC heap after
{Heap after GC invocations=38 (full 0):
 garbage-first heap   total 153600K, used 83285K [0x0000000700000000, 0x0000000800000000)
  region size 2048K, 4 young (8192K), 4 survivors (8192K)
 Metaspace       used 79203K, committed 80064K, reserved 557056K
  class space    used 11051K, committed 11456K, reserved 425984K
}
Event: 33.439 GC heap before
{Heap before GC invocations=39 (full 0):
 garbage-first heap   total 153600K, used 120149K [0x0000000700000000, 0x0000000800000000)
  region size 2048K, 23 young (47104K), 4 survivors (8192K)
 Metaspace       used 82437K, committed 83264K, reserved 557056K
  class space    used 11419K, committed 11776K, reserved 425984K
}
Event: 33.448 GC heap after
{Heap after GC invocations=40 (full 0):
 garbage-first heap   total 153600K, used 91390K [0x0000000700000000, 0x0000000800000000)
  region size 2048K, 3 young (6144K), 3 survivors (6144K)
 Metaspace       used 82437K, committed 83264K, reserved 557056K
  class space    used 11419K, committed 11776K, reserved 425984K
}
Event: 34.061 GC heap before
{Heap before GC invocations=40 (full 0):
 garbage-first heap   total 153600K, used 124158K [0x0000000700000000, 0x0000000800000000)
  region size 2048K, 19 young (38912K), 3 survivors (6144K)
 Metaspace       used 84292K, committed 85056K, reserved 557056K
  class space    used 11673K, committed 12032K, reserved 425984K
}
Event: 34.067 GC heap after
{Heap after GC invocations=41 (full 0):
 garbage-first heap   total 153600K, used 91676K [0x0000000700000000, 0x0000000800000000)
  region size 2048K, 2 young (4096K), 2 survivors (4096K)
 Metaspace       used 84292K, committed 85056K, reserved 557056K
  class space    used 11673K, committed 12032K, reserved 425984K
}
Event: 34.629 GC heap before
{Heap before GC invocations=42 (full 0):
 garbage-first heap   total 167936K, used 122396K [0x0000000700000000, 0x0000000800000000)
  region size 2048K, 17 young (34816K), 2 survivors (4096K)
 Metaspace       used 86368K, committed 87168K, reserved 557056K
  class space    used 11946K, committed 12288K, reserved 425984K
}
Event: 34.633 GC heap after
{Heap after GC invocations=43 (full 0):
 garbage-first heap   total 167936K, used 92835K [0x0000000700000000, 0x0000000800000000)
  region size 2048K, 2 young (4096K), 2 survivors (4096K)
 Metaspace       used 86368K, committed 87168K, reserved 557056K
  class space    used 11946K, committed 12288K, reserved 425984K
}
Event: 35.380 GC heap before
{Heap before GC invocations=43 (full 0):
 garbage-first heap   total 167936K, used 133795K [0x0000000700000000, 0x0000000800000000)
  region size 2048K, 22 young (45056K), 2 survivors (4096K)
 Metaspace       used 89402K, committed 90240K, reserved 557056K
  class space    used 12366K, committed 12736K, reserved 425984K
}
Event: 35.386 GC heap after
{Heap after GC invocations=44 (full 0):
 garbage-first heap   total 167936K, used 94710K [0x0000000700000000, 0x0000000800000000)
  region size 2048K, 2 young (4096K), 2 survivors (4096K)
 Metaspace       used 89402K, committed 90240K, reserved 557056K
  class space    used 12366K, committed 12736K, reserved 425984K
}
Event: 36.087 GC heap before
{Heap before GC invocations=45 (full 0):
 garbage-first heap   total 167936K, used 135670K [0x0000000700000000, 0x0000000800000000)
  region size 2048K, 22 young (45056K), 2 survivors (4096K)
 Metaspace       used 90831K, committed 91712K, reserved 557056K
  class space    used 12570K, committed 12992K, reserved 425984K
}
Event: 36.094 GC heap after
{Heap after GC invocations=46 (full 0):
 garbage-first heap   total 167936K, used 97334K [0x0000000700000000, 0x0000000800000000)
  region size 2048K, 3 young (6144K), 3 survivors (6144K)
 Metaspace       used 90831K, committed 91712K, reserved 557056K
  class space    used 12570K, committed 12992K, reserved 425984K
}

Dll operation events (15 events):
Event: 0.018 Loaded shared library C:\Program Files\Eclipse Adoptium\jdk-17.0.14.7-hotspot\bin\java.dll
Event: 0.042 Loaded shared library C:\Program Files\Eclipse Adoptium\jdk-17.0.14.7-hotspot\bin\jsvml.dll
Event: 0.113 Loaded shared library C:\Program Files\Eclipse Adoptium\jdk-17.0.14.7-hotspot\bin\zip.dll
Event: 0.117 Loaded shared library C:\Program Files\Eclipse Adoptium\jdk-17.0.14.7-hotspot\bin\instrument.dll
Event: 0.124 Loaded shared library C:\Program Files\Eclipse Adoptium\jdk-17.0.14.7-hotspot\bin\net.dll
Event: 0.126 Loaded shared library C:\Program Files\Eclipse Adoptium\jdk-17.0.14.7-hotspot\bin\nio.dll
Event: 0.132 Loaded shared library C:\Program Files\Eclipse Adoptium\jdk-17.0.14.7-hotspot\bin\zip.dll
Event: 0.506 Loaded shared library C:\Program Files\Eclipse Adoptium\jdk-17.0.14.7-hotspot\bin\jimage.dll
Event: 0.634 Loaded shared library C:\Program Files\Eclipse Adoptium\jdk-17.0.14.7-hotspot\bin\verify.dll
Event: 0.945 Loaded shared library C:\Users\Arrain053\.gradle\native\c067742578af261105cb4f569cf0c3c89f3d7b1fecec35dd04571415982c5e48\windows-amd64\native-platform.dll
Event: 0.963 Loaded shared library C:\Users\Arrain053\.gradle\native\38dada09dfb8b06ba9b0570ebf7e218e3eb74d4ef43ca46872605cf95ebc2f47\windows-amd64\native-platform-file-events.dll
Event: 2.813 Loaded shared library C:\Program Files\Eclipse Adoptium\jdk-17.0.14.7-hotspot\bin\management.dll
Event: 2.819 Loaded shared library C:\Program Files\Eclipse Adoptium\jdk-17.0.14.7-hotspot\bin\management_ext.dll
Event: 3.218 Loaded shared library C:\Program Files\Eclipse Adoptium\jdk-17.0.14.7-hotspot\bin\extnet.dll
Event: 3.856 Loaded shared library C:\Program Files\Eclipse Adoptium\jdk-17.0.14.7-hotspot\bin\sunmscapi.dll

Deoptimization events (20 events):
Event: 35.700 Thread 0x000001ebf3204350 DEOPT PACKING pc=0x000001ebbf66d1f8 sp=0x000000e2b91f3760
Event: 35.700 Thread 0x000001ebf3204350 DEOPT UNPACKING pc=0x000001ebbee669a3 sp=0x000000e2b91f3670 mode 2
Event: 35.751 Thread 0x000001ebf3204350 Uncommon trap: trap_request=0xfffffff4 fr.pc=0x000001ebbf40c928 relative=0x0000000000000ac8
Event: 35.751 Thread 0x000001ebf3204350 Uncommon trap: reason=null_check action=make_not_entrant pc=0x000001ebbf40c928 method=org.gradle.tooling.internal.provider.runner.ClientBuildEventGenerator$Disabled.accept(Lorg/gradle/internal/operations/BuildOperationDescriptor;)Lorg/gradle/tooling/inter
Event: 35.751 Thread 0x000001ebf3204350 DEOPT PACKING pc=0x000001ebbf40c928 sp=0x000000e2b91f4890
Event: 35.751 Thread 0x000001ebf3204350 DEOPT UNPACKING pc=0x000001ebbee669a3 sp=0x000000e2b91f47d8 mode 2
Event: 35.751 Thread 0x000001ebf3204350 Uncommon trap: trap_request=0xfffffff4 fr.pc=0x000001ebbf64a178 relative=0x00000000000000d8
Event: 35.751 Thread 0x000001ebf3204350 Uncommon trap: reason=null_check action=make_not_entrant pc=0x000001ebbf64a178 method=org.gradle.tooling.internal.provider.runner.ClientBuildEventGenerator$Disabled.accept(Lorg/gradle/internal/operations/BuildOperationDescriptor;)Lorg/gradle/tooling/inter
Event: 35.751 Thread 0x000001ebf3204350 DEOPT PACKING pc=0x000001ebbf64a178 sp=0x000000e2b91f4830
Event: 35.751 Thread 0x000001ebf3204350 DEOPT UNPACKING pc=0x000001ebbee669a3 sp=0x000000e2b91f47c8 mode 2
Event: 36.106 Thread 0x000001ebf3204350 Uncommon trap: trap_request=0xffffff45 fr.pc=0x000001ebbf52a184 relative=0x0000000000000524
Event: 36.106 Thread 0x000001ebf3204350 Uncommon trap: reason=unstable_if action=reinterpret pc=0x000001ebbf52a184 method=java.util.WeakHashMap.put(Ljava/lang/Object;Ljava/lang/Object;)Ljava/lang/Object; @ 57 c2
Event: 36.106 Thread 0x000001ebf3204350 DEOPT PACKING pc=0x000001ebbf52a184 sp=0x000000e2b91f1480
Event: 36.106 Thread 0x000001ebf3204350 DEOPT UNPACKING pc=0x000001ebbee669a3 sp=0x000000e2b91f1460 mode 2
Event: 36.272 Thread 0x000001ebf3204350 DEOPT PACKING pc=0x000001ebb8026a85 sp=0x000000e2b91f5ae0
Event: 36.272 Thread 0x000001ebf3204350 DEOPT UNPACKING pc=0x000001ebbee67143 sp=0x000000e2b91f5008 mode 0
Event: 38.886 Thread 0x000001ebf3204350 Uncommon trap: trap_request=0xffffff45 fr.pc=0x000001ebbf8a4698 relative=0x0000000000000078
Event: 38.886 Thread 0x000001ebf3204350 Uncommon trap: reason=unstable_if action=reinterpret pc=0x000001ebbf8a4698 method=org.gradle.internal.logging.slf4j.OutputEventListenerBackedLogger.isLevelAtMost(Lorg/gradle/api/logging/LogLevel;)Z @ 11 c2
Event: 38.886 Thread 0x000001ebf3204350 DEOPT PACKING pc=0x000001ebbf8a4698 sp=0x000000e2b91f3ca0
Event: 38.886 Thread 0x000001ebf3204350 DEOPT UNPACKING pc=0x000001ebbee669a3 sp=0x000000e2b91f3c40 mode 2

Classes loaded (20 events):
Event: 35.502 Loading class jdk/internal/vm/annotation/ForceInline
Event: 35.502 Loading class jdk/internal/vm/annotation/ForceInline done
Event: 35.560 Loading class java/util/TreeMap$EntrySpliterator
Event: 35.560 Loading class java/util/TreeMap$EntrySpliterator done
Event: 35.578 Loading class java/util/Stack
Event: 35.579 Loading class java/util/Stack done
Event: 35.602 Loading class org/xml/sax/ContentHandler
Event: 35.602 Loading class org/xml/sax/ContentHandler done
Event: 35.602 Loading class org/xml/sax/EntityResolver
Event: 35.602 Loading class org/xml/sax/EntityResolver done
Event: 35.602 Loading class org/xml/sax/DTDHandler
Event: 35.602 Loading class org/xml/sax/DTDHandler done
Event: 35.622 Loading class java/util/Spliterators$IntArraySpliterator
Event: 35.622 Loading class java/util/Spliterators$IntArraySpliterator done
Event: 35.629 Loading class java/text/ParsePosition
Event: 35.629 Loading class java/text/ParsePosition done
Event: 35.662 Loading class java/text/CharacterIterator
Event: 35.678 Loading class java/text/CharacterIterator done
Event: 36.049 Loading class java/beans/IntrospectionException
Event: 36.049 Loading class java/beans/IntrospectionException done

Classes unloaded (0 events):
No events

Classes redefined (0 events):
No events

Internal exceptions (20 events):
Event: 36.126 Thread 0x000001ebf3204350 Exception <a 'java/lang/ClassNotFoundException'{0x000000070a0dc3f0}: com/android/builder/signing/DefaultSigningConfigBeanInfo> (0x000000070a0dc3f0) 
thrown [s\src\hotspot\share\classfile\systemDictionary.cpp, line 256]
Event: 36.127 Thread 0x000001ebf3204350 Exception <a 'java/lang/ClassNotFoundException'{0x000000070a0ee6f0}: com/android/builder/signing/DefaultSigningConfigCustomizer> (0x000000070a0ee6f0) 
thrown [s\src\hotspot\share\classfile\systemDictionary.cpp, line 256]
Event: 36.129 Thread 0x000001ebf3204350 Exception <a 'java/lang/ClassNotFoundException'{0x000000070a118808}: com/android/build/gradle/internal/dsl/SigningConfigCustomizer> (0x000000070a118808) 
thrown [s\src\hotspot\share\classfile\systemDictionary.cpp, line 256]
Event: 36.130 Thread 0x000001ebf3204350 Exception <a 'java/lang/ClassNotFoundException'{0x000000070a1341f8}: com/android/build/gradle/internal/dsl/SigningConfig$AgpDecoratedCustomizer> (0x000000070a1341f8) 
thrown [s\src\hotspot\share\classfile\systemDictionary.cpp, line 256]
Event: 36.133 Thread 0x000001ebf3204350 Exception <a 'java/lang/ClassNotFoundException'{0x000000070a1693f0}: com/android/build/gradle/internal/dsl/SigningConfig$AgpDecorated_DecoratedCustomizer> (0x000000070a1693f0) 
thrown [s\src\hotspot\share\classfile\systemDictionary.cpp, line 256]
Event: 36.137 Thread 0x000001ebf3204350 Exception <a 'java/lang/ClassNotFoundException'{0x000000070a1d57f8}: build_3kh78izrznf73z5jcmmyv8yyv$_run_closure2$_closure5BeanInfo> (0x000000070a1d57f8) 
thrown [s\src\hotspot\share\classfile\systemDictionary.cpp, line 256]
Event: 36.138 Thread 0x000001ebf3204350 Exception <a 'java/lang/ClassNotFoundException'{0x000000070a1e35e0}: build_3kh78izrznf73z5jcmmyv8yyv$_run_closure2$_closure5Customizer> (0x000000070a1e35e0) 
thrown [s\src\hotspot\share\classfile\systemDictionary.cpp, line 256]
Event: 36.142 Thread 0x000001ebf3204350 Exception <a 'java/lang/ClassNotFoundException'{0x0000000709e0fd00}: build_3kh78izrznf73z5jcmmyv8yyv$_run_closure2BeanInfo> (0x0000000709e0fd00) 
thrown [s\src\hotspot\share\classfile\systemDictionary.cpp, line 256]
Event: 36.143 Thread 0x000001ebf3204350 Exception <a 'java/lang/ClassNotFoundException'{0x0000000709e1e4b8}: build_3kh78izrznf73z5jcmmyv8yyv$_run_closure2Customizer> (0x0000000709e1e4b8) 
thrown [s\src\hotspot\share\classfile\systemDictionary.cpp, line 256]
Event: 36.231 Thread 0x000001ebf3204350 Exception <a 'java/lang/ClassNotFoundException'{0x00000007096067d0}: com/android/build/gradle/internal/dsl/BuildType$AgpDecorated_DecoratedBeanInfo> (0x00000007096067d0) 
thrown [s\src\hotspot\share\classfile\systemDictionary.cpp, line 256]
Event: 36.232 Thread 0x000001ebf3204350 Exception <a 'java/lang/ClassNotFoundException'{0x0000000709618a48}: com/android/build/gradle/internal/dsl/BuildType$AgpDecoratedBeanInfo> (0x0000000709618a48) 
thrown [s\src\hotspot\share\classfile\systemDictionary.cpp, line 256]
Event: 36.233 Thread 0x000001ebf3204350 Exception <a 'java/lang/ClassNotFoundException'{0x000000070962ab38}: com/android/build/gradle/internal/dsl/BuildTypeBeanInfo> (0x000000070962ab38) 
thrown [s\src\hotspot\share\classfile\systemDictionary.cpp, line 256]
Event: 36.234 Thread 0x000001ebf3204350 Exception <a 'java/lang/ClassNotFoundException'{0x000000070963cc98}: com/android/builder/core/AbstractBuildTypeBeanInfo> (0x000000070963cc98) 
thrown [s\src\hotspot\share\classfile\systemDictionary.cpp, line 256]
Event: 36.235 Thread 0x000001ebf3204350 Exception <a 'java/lang/ClassNotFoundException'{0x000000070964ede8}: com/android/builder/core/AbstractBuildTypeCustomizer> (0x000000070964ede8) 
thrown [s\src\hotspot\share\classfile\systemDictionary.cpp, line 256]
Event: 36.238 Thread 0x000001ebf3204350 Exception <a 'java/lang/ClassNotFoundException'{0x000000070967dd90}: com/android/build/gradle/internal/dsl/BuildTypeCustomizer> (0x000000070967dd90) 
thrown [s\src\hotspot\share\classfile\systemDictionary.cpp, line 256]
Event: 36.243 Thread 0x000001ebf3204350 Exception <a 'java/lang/ClassNotFoundException'{0x00000007097154a0}: com/android/build/gradle/internal/dsl/BuildType$AgpDecoratedCustomizer> (0x00000007097154a0) 
thrown [s\src\hotspot\share\classfile\systemDictionary.cpp, line 256]
Event: 36.246 Thread 0x000001ebf3204350 Exception <a 'java/lang/ClassNotFoundException'{0x000000070976ab20}: com/android/build/gradle/internal/dsl/BuildType$AgpDecorated_DecoratedCustomizer> (0x000000070976ab20) 
thrown [s\src\hotspot\share\classfile\systemDictionary.cpp, line 256]
Event: 36.260 Thread 0x000001ebf3204350 Exception <a 'java/lang/ClassNotFoundException'{0x0000000709461748}: build_3kh78izrznf73z5jcmmyv8yyv$_run_closure2$_closure6BeanInfo> (0x0000000709461748) 
thrown [s\src\hotspot\share\classfile\systemDictionary.cpp, line 256]
Event: 36.261 Thread 0x000001ebf3204350 Exception <a 'java/lang/ClassNotFoundException'{0x000000070946f530}: build_3kh78izrznf73z5jcmmyv8yyv$_run_closure2$_closure6Customizer> (0x000000070946f530) 
thrown [s\src\hotspot\share\classfile\systemDictionary.cpp, line 256]
Event: 38.887 Thread 0x000001ebf3204350 Exception <a 'java/lang/reflect/InvocationTargetException'{0x00000007094b8f38}> (0x00000007094b8f38) 
thrown [s\src\hotspot\share\runtime\reflection.cpp, line 1128]

VM Operations (20 events):
Event: 34.061 Executing VM operation: G1CollectForAllocation
Event: 34.067 Executing VM operation: G1CollectForAllocation done
Event: 34.157 Executing VM operation: G1PauseRemark
Event: 34.163 Executing VM operation: G1PauseRemark done
Event: 34.202 Executing VM operation: G1PauseCleanup
Event: 34.203 Executing VM operation: G1PauseCleanup done
Event: 34.628 Executing VM operation: G1CollectForAllocation
Event: 34.633 Executing VM operation: G1CollectForAllocation done
Event: 35.380 Executing VM operation: G1CollectForAllocation
Event: 35.387 Executing VM operation: G1CollectForAllocation done
Event: 35.466 Executing VM operation: G1PauseRemark
Event: 35.471 Executing VM operation: G1PauseRemark done
Event: 35.508 Executing VM operation: G1PauseCleanup
Event: 35.508 Executing VM operation: G1PauseCleanup done
Event: 36.087 Executing VM operation: G1CollectForAllocation
Event: 36.094 Executing VM operation: G1CollectForAllocation done
Event: 37.099 Executing VM operation: Cleanup
Event: 37.099 Executing VM operation: Cleanup done
Event: 39.118 Executing VM operation: Cleanup
Event: 39.118 Executing VM operation: Cleanup done

Memory protections (0 events):
No events

Nmethod flushes (20 events):
Event: 32.911 Thread 0x000001ebd2e74530 flushing  nmethod 0x000001ebb878d810
Event: 32.912 Thread 0x000001ebd2e74530 flushing  nmethod 0x000001ebb87ebd90
Event: 32.912 Thread 0x000001ebd2e74530 flushing  nmethod 0x000001ebb883b510
Event: 32.913 Thread 0x000001ebd2e74530 flushing  nmethod 0x000001ebb8921290
Event: 32.913 Thread 0x000001ebd2e74530 flushing  nmethod 0x000001ebb893af90
Event: 32.913 Thread 0x000001ebd2e74530 flushing  nmethod 0x000001ebb894e610
Event: 32.913 Thread 0x000001ebd2e74530 flushing  nmethod 0x000001ebb894ea90
Event: 32.913 Thread 0x000001ebd2e74530 flushing  nmethod 0x000001ebb894f590
Event: 32.913 Thread 0x000001ebd2e74530 flushing  nmethod 0x000001ebb8950990
Event: 32.913 Thread 0x000001ebd2e74530 flushing  nmethod 0x000001ebb8952690
Event: 32.913 Thread 0x000001ebd2e74530 flushing  nmethod 0x000001ebb8957390
Event: 32.913 Thread 0x000001ebd2e74530 flushing  nmethod 0x000001ebb8959590
Event: 32.913 Thread 0x000001ebd2e74530 flushing  nmethod 0x000001ebb895fd10
Event: 32.913 Thread 0x000001ebd2e74530 flushing  nmethod 0x000001ebb8964010
Event: 32.913 Thread 0x000001ebd2e74530 flushing  nmethod 0x000001ebb89a4310
Event: 32.913 Thread 0x000001ebd2e74530 flushing  nmethod 0x000001ebb89a9990
Event: 32.914 Thread 0x000001ebd2e74530 flushing  nmethod 0x000001ebb8a7b990
Event: 32.914 Thread 0x000001ebd2e74530 flushing  nmethod 0x000001ebb8a7c690
Event: 32.914 Thread 0x000001ebd2e74530 flushing  nmethod 0x000001ebb8a7fb90
Event: 32.914 Thread 0x000001ebd2e74530 flushing  nmethod 0x000001ebb8b14210

Events (20 events):
Event: 30.995 Thread 0x000001ebf3204350 Thread added: 0x000001ebf41aa090
Event: 30.996 Thread 0x000001ebf3204350 Thread added: 0x000001ebf41aaab0
Event: 31.143 Thread 0x000001ebf3204350 Thread added: 0x000001ebf41aafc0
Event: 31.146 Thread 0x000001ebf3204350 Thread added: 0x000001ebf41ab4d0
Event: 31.148 Thread 0x000001ebf3204350 Thread added: 0x000001ebf8e1dde0
Event: 31.150 Thread 0x000001ebf3204350 Thread added: 0x000001ebf8e1b560
Event: 31.151 Thread 0x000001ebf3204350 Thread added: 0x000001ebf8e1a630
Event: 31.155 Thread 0x000001ebf3204350 Thread added: 0x000001ebf8e1d8d0
Event: 31.158 Thread 0x000001ebf3204350 Thread added: 0x000001ebf8e1b050
Event: 31.643 Thread 0x000001ebf3204350 Thread added: 0x000001ebf8e1ceb0
Event: 31.683 Thread 0x000001ebf3204350 Thread added: 0x000001ebf8e1e2f0
Event: 31.694 Thread 0x000001ebf3204350 Thread added: 0x000001ebf8e1c9a0
Event: 31.842 Thread 0x000001ebf2585100 Thread exited: 0x000001ebf2585100
Event: 32.016 Thread 0x000001ebf3d83430 Thread exited: 0x000001ebf3d83430
Event: 33.078 Thread 0x000001ebd2e5e720 Thread added: 0x000001ebf3116890
Event: 33.840 Thread 0x000001ebf3116890 Thread exited: 0x000001ebf3116890
Event: 34.708 Thread 0x000001ebf3204350 Thread added: 0x000001ebf8e1ba70
Event: 34.882 Thread 0x000001ebd2e5e720 Thread added: 0x000001ebf2f12680
Event: 35.494 Thread 0x000001ebf2f12680 Thread exited: 0x000001ebf2f12680
Event: 35.884 Thread 0x000001ebd2e5e720 Thread added: 0x000001ebf3dba290


Dynamic libraries:
0x00007ff6ad190000 - 0x00007ff6ad19e000 	C:\Program Files\Eclipse Adoptium\jdk-17.0.14.7-hotspot\bin\java.exe
0x00007ffa43140000 - 0x00007ffa433a7000 	C:\WINDOWS\SYSTEM32\ntdll.dll
0x00007ffa42710000 - 0x00007ffa427d9000 	C:\WINDOWS\System32\KERNEL32.DLL
0x00007ffa40270000 - 0x00007ffa40660000 	C:\WINDOWS\System32\KERNELBASE.dll
0x00007ffa40a80000 - 0x00007ffa40bcb000 	C:\WINDOWS\System32\ucrtbase.dll
0x00007ffa0eb10000 - 0x00007ffa0eb27000 	C:\Program Files\Eclipse Adoptium\jdk-17.0.14.7-hotspot\bin\jli.dll
0x00007ffa12480000 - 0x00007ffa1249e000 	C:\Program Files\Eclipse Adoptium\jdk-17.0.14.7-hotspot\bin\VCRUNTIME140.dll
0x00007ffa412e0000 - 0x00007ffa414a5000 	C:\WINDOWS\System32\USER32.dll
0x00007ffa25f40000 - 0x00007ffa261da000 	C:\WINDOWS\WinSxS\amd64_microsoft.windows.common-controls_6595b64144ccf1df_6.0.26100.4768_none_3e0c112ce331287c\COMCTL32.dll
0x00007ffa409b0000 - 0x00007ffa409d7000 	C:\WINDOWS\System32\win32u.dll
0x00007ffa427e0000 - 0x00007ffa42889000 	C:\WINDOWS\System32\msvcrt.dll
0x00007ffa426a0000 - 0x00007ffa426cb000 	C:\WINDOWS\System32\GDI32.dll
0x00007ffa40670000 - 0x00007ffa407a8000 	C:\WINDOWS\System32\gdi32full.dll
0x00007ffa40900000 - 0x00007ffa409a3000 	C:\WINDOWS\System32\msvcp_win.dll
0x00007ffa42890000 - 0x00007ffa428bf000 	C:\WINDOWS\System32\IMM32.DLL
0x00007ffa366e0000 - 0x00007ffa366ec000 	C:\Program Files\Eclipse Adoptium\jdk-17.0.14.7-hotspot\bin\vcruntime140_1.dll
0x00007ffa01ca0000 - 0x00007ffa01d2d000 	C:\Program Files\Eclipse Adoptium\jdk-17.0.14.7-hotspot\bin\msvcp140.dll
0x00007ff9dbf20000 - 0x00007ff9dcb8b000 	C:\Program Files\Eclipse Adoptium\jdk-17.0.14.7-hotspot\bin\server\jvm.dll
0x00007ffa41850000 - 0x00007ffa41904000 	C:\WINDOWS\System32\ADVAPI32.dll
0x00007ffa428d0000 - 0x00007ffa42976000 	C:\WINDOWS\System32\sechost.dll
0x00007ffa41540000 - 0x00007ffa41658000 	C:\WINDOWS\System32\RPCRT4.dll
0x00007ffa41920000 - 0x00007ffa41994000 	C:\WINDOWS\System32\WS2_32.dll
0x00007ffa3ff30000 - 0x00007ffa3ff8e000 	C:\WINDOWS\SYSTEM32\POWRPROF.dll
0x00007ffa38e50000 - 0x00007ffa38e85000 	C:\WINDOWS\SYSTEM32\WINMM.dll
0x00007ffa38f10000 - 0x00007ffa38f1b000 	C:\WINDOWS\SYSTEM32\VERSION.dll
0x00007ffa3ff10000 - 0x00007ffa3ff24000 	C:\WINDOWS\SYSTEM32\UMPDC.dll
0x00007ffa3eff0000 - 0x00007ffa3f00b000 	C:\WINDOWS\SYSTEM32\kernel.appcore.dll
0x00007ffa36480000 - 0x00007ffa3648a000 	C:\Program Files\Eclipse Adoptium\jdk-17.0.14.7-hotspot\bin\jimage.dll
0x00007ffa336e0000 - 0x00007ffa33921000 	C:\WINDOWS\SYSTEM32\DBGHELP.DLL
0x00007ffa40f50000 - 0x00007ffa412d5000 	C:\WINDOWS\System32\combase.dll
0x00007ffa41b50000 - 0x00007ffa41c30000 	C:\WINDOWS\System32\OLEAUT32.dll
0x00007ffa25e50000 - 0x00007ffa25e93000 	C:\WINDOWS\SYSTEM32\dbgcore.DLL
0x00007ffa409e0000 - 0x00007ffa40a79000 	C:\WINDOWS\System32\bcryptPrimitives.dll
0x00007ff9ecb20000 - 0x00007ff9ecb2e000 	C:\Program Files\Eclipse Adoptium\jdk-17.0.14.7-hotspot\bin\instrument.dll
0x00007ffa022b0000 - 0x00007ffa022d5000 	C:\Program Files\Eclipse Adoptium\jdk-17.0.14.7-hotspot\bin\java.dll
0x00007ff9e1e50000 - 0x00007ff9e1f27000 	C:\Program Files\Eclipse Adoptium\jdk-17.0.14.7-hotspot\bin\jsvml.dll
0x00007ffa42980000 - 0x00007ffa430cd000 	C:\WINDOWS\System32\SHELL32.dll
0x00007ffa40d50000 - 0x00007ffa40ec3000 	C:\WINDOWS\System32\wintypes.dll
0x00007ffa3de50000 - 0x00007ffa3e6b0000 	C:\WINDOWS\SYSTEM32\windows.storage.dll
0x00007ffa42550000 - 0x00007ffa42645000 	C:\WINDOWS\System32\SHCORE.dll
0x00007ffa41ca0000 - 0x00007ffa41d0a000 	C:\WINDOWS\System32\shlwapi.dll
0x00007ffa40190000 - 0x00007ffa401b9000 	C:\WINDOWS\SYSTEM32\profapi.dll
0x00007ffa02290000 - 0x00007ffa022a8000 	C:\Program Files\Eclipse Adoptium\jdk-17.0.14.7-hotspot\bin\zip.dll
0x00007ffa0d7e0000 - 0x00007ffa0d7f9000 	C:\Program Files\Eclipse Adoptium\jdk-17.0.14.7-hotspot\bin\net.dll
0x00007ffa36cb0000 - 0x00007ffa36dce000 	C:\WINDOWS\SYSTEM32\WINHTTP.dll
0x00007ffa3f580000 - 0x00007ffa3f5eb000 	C:\WINDOWS\system32\mswsock.dll
0x00007ffa08be0000 - 0x00007ffa08bf6000 	C:\Program Files\Eclipse Adoptium\jdk-17.0.14.7-hotspot\bin\nio.dll
0x00007ffa35ed0000 - 0x00007ffa35ee0000 	C:\Program Files\Eclipse Adoptium\jdk-17.0.14.7-hotspot\bin\verify.dll
0x00007ffa1cc10000 - 0x00007ffa1cc37000 	C:\Users\Arrain053\.gradle\native\c067742578af261105cb4f569cf0c3c89f3d7b1fecec35dd04571415982c5e48\windows-amd64\native-platform.dll
0x00007ff9fcaf0000 - 0x00007ff9fcc34000 	C:\Users\Arrain053\.gradle\native\38dada09dfb8b06ba9b0570ebf7e218e3eb74d4ef43ca46872605cf95ebc2f47\windows-amd64\native-platform-file-events.dll
0x00007ffa24270000 - 0x00007ffa2427a000 	C:\Program Files\Eclipse Adoptium\jdk-17.0.14.7-hotspot\bin\management.dll
0x00007ffa1e850000 - 0x00007ffa1e85b000 	C:\Program Files\Eclipse Adoptium\jdk-17.0.14.7-hotspot\bin\management_ext.dll
0x00007ffa41910000 - 0x00007ffa41918000 	C:\WINDOWS\System32\PSAPI.DLL
0x00007ffa3f840000 - 0x00007ffa3f85b000 	C:\WINDOWS\SYSTEM32\CRYPTSP.dll
0x00007ffa3ef50000 - 0x00007ffa3ef8b000 	C:\WINDOWS\system32\rsaenh.dll
0x00007ffa3f620000 - 0x00007ffa3f64b000 	C:\WINDOWS\SYSTEM32\USERENV.dll
0x00007ffa40160000 - 0x00007ffa40186000 	C:\WINDOWS\SYSTEM32\bcrypt.dll
0x00007ffa3f860000 - 0x00007ffa3f86c000 	C:\WINDOWS\SYSTEM32\CRYPTBASE.dll
0x00007ffa3ea30000 - 0x00007ffa3ea63000 	C:\WINDOWS\SYSTEM32\IPHLPAPI.DLL
0x00007ffa421a0000 - 0x00007ffa421aa000 	C:\WINDOWS\System32\NSI.dll
0x00007ffa3a320000 - 0x00007ffa3a33f000 	C:\WINDOWS\SYSTEM32\dhcpcsvc6.DLL
0x00007ffa3a260000 - 0x00007ffa3a285000 	C:\WINDOWS\SYSTEM32\dhcpcsvc.DLL
0x00007ffa3ead0000 - 0x00007ffa3ebf6000 	C:\WINDOWS\SYSTEM32\DNSAPI.dll
0x00007ffa12470000 - 0x00007ffa12479000 	C:\Program Files\Eclipse Adoptium\jdk-17.0.14.7-hotspot\bin\extnet.dll
0x00007ffa296d0000 - 0x00007ffa296de000 	C:\Program Files\Eclipse Adoptium\jdk-17.0.14.7-hotspot\bin\sunmscapi.dll
0x00007ffa40bd0000 - 0x00007ffa40d47000 	C:\WINDOWS\System32\CRYPT32.dll
0x00007ffa3fa60000 - 0x00007ffa3fa90000 	C:\WINDOWS\SYSTEM32\ncrypt.dll
0x00007ffa3fa10000 - 0x00007ffa3fa4f000 	C:\WINDOWS\SYSTEM32\NTASN1.dll
0x00007ffa069c0000 - 0x00007ffa069c8000 	C:\WINDOWS\system32\wshunix.dll
0x00007ff9cd9a0000 - 0x00007ff9cd9b8000 	C:\WINDOWS\system32\napinsp.dll
0x00007ff9cd980000 - 0x00007ff9cd992000 	C:\WINDOWS\System32\winrnr.dll
0x00007ff9cda40000 - 0x00007ff9cda70000 	C:\WINDOWS\system32\nlansp_c.dll
0x00007ffa17a70000 - 0x00007ffa17a90000 	C:\WINDOWS\system32\wshbth.dll
0x00007ffa34de0000 - 0x00007ffa34deb000 	C:\Windows\System32\rasadhlp.dll
0x00007ffa3a830000 - 0x00007ffa3a8b6000 	C:\WINDOWS\System32\fwpuclnt.dll

dbghelp: loaded successfully - version: 4.0.5 - missing functions: none
symbol engine: initialized successfully - sym options: 0x614 - pdb path: .;C:\Program Files\Eclipse Adoptium\jdk-17.0.14.7-hotspot\bin;C:\WINDOWS\SYSTEM32;C:\WINDOWS\WinSxS\amd64_microsoft.windows.common-controls_6595b64144ccf1df_6.0.26100.4768_none_3e0c112ce331287c;C:\Program Files\Eclipse Adoptium\jdk-17.0.14.7-hotspot\bin\server;C:\Users\Arrain053\.gradle\native\c067742578af261105cb4f569cf0c3c89f3d7b1fecec35dd04571415982c5e48\windows-amd64;C:\Users\Arrain053\.gradle\native\38dada09dfb8b06ba9b0570ebf7e218e3eb74d4ef43ca46872605cf95ebc2f47\windows-amd64

VM Arguments:
jvm_args: -XX:MaxMetaspaceSize=512m -XX:+HeapDumpOnOutOfMemoryError --add-opens=java.base/java.lang=ALL-UNNAMED --add-opens=java.base/java.util=ALL-UNNAMED --add-opens=java.base/java.util=ALL-UNNAMED --add-opens=java.base/java.lang=ALL-UNNAMED --add-opens=java.base/java.lang.invoke=ALL-UNNAMED --add-opens=java.prefs/java.util.prefs=ALL-UNNAMED --add-opens=java.base/java.nio.charset=ALL-UNNAMED --add-opens=java.base/java.net=ALL-UNNAMED --add-opens=java.base/java.util.concurrent.atomic=ALL-UNNAMED -Xmx4096m -Dfile.encoding=UTF-8 -Duser.country=US -Duser.language=en -Duser.variant -javaagent:C:\Users\Arrain053\.gradle\wrapper\dists\gradle-8.7-all\aan3ydargesu18aqyqjwhr3pc\gradle-8.7\lib\agents\gradle-instrumentation-agent-8.7.jar 
java_command: org.gradle.launcher.daemon.bootstrap.GradleDaemon 8.7
java_class_path (initial): C:\Users\Arrain053\.gradle\wrapper\dists\gradle-8.7-all\aan3ydargesu18aqyqjwhr3pc\gradle-8.7\lib\gradle-launcher-8.7.jar
Launcher Type: SUN_STANDARD

[Global flags]
     intx CICompilerCount                          = 4                                         {product} {ergonomic}
   size_t CompressedClassSpaceSize                 = 436207616                                 {product} {ergonomic}
     uint ConcGCThreads                            = 2                                         {product} {ergonomic}
     uint G1ConcRefinementThreads                  = 8                                         {product} {ergonomic}
   size_t G1HeapRegionSize                         = 2097152                                   {product} {ergonomic}
    uintx GCDrainStackTargetSize                   = 64                                        {product} {ergonomic}
     bool HeapDumpOnOutOfMemoryError               = true                                   {manageable} {command line}
   size_t InitialHeapSize                          = 123731968                                 {product} {ergonomic}
   size_t MarkStackSize                            = 4194304                                   {product} {ergonomic}
   size_t MaxHeapSize                              = 4294967296                                {product} {command line}
   size_t MaxMetaspaceSize                         = 536870912                                 {product} {command line}
   size_t MaxNewSize                               = 2575302656                                {product} {ergonomic}
   size_t MinHeapDeltaBytes                        = 2097152                                   {product} {ergonomic}
   size_t MinHeapSize                              = 8388608                                   {product} {ergonomic}
    uintx NonNMethodCodeHeapSize                   = 5839372                                {pd product} {ergonomic}
    uintx NonProfiledCodeHeapSize                  = 122909434                              {pd product} {ergonomic}
    uintx ProfiledCodeHeapSize                     = 122909434                              {pd product} {ergonomic}
    uintx ReservedCodeCacheSize                    = 251658240                              {pd product} {ergonomic}
     bool SegmentedCodeCache                       = true                                      {product} {ergonomic}
   size_t SoftMaxHeapSize                          = 4294967296                             {manageable} {ergonomic}
     bool UseCompressedClassPointers               = true                           {product lp64_product} {ergonomic}
     bool UseCompressedOops                        = true                           {product lp64_product} {ergonomic}
     bool UseG1GC                                  = true                                      {product} {ergonomic}
     bool UseLargePagesIndividualAllocation        = false                                  {pd product} {ergonomic}

Logging:
Log output configuration:
 #0: stdout all=warning uptime,level,tags
 #1: stderr all=off uptime,level,tags

Environment Variables:
CLASSPATH=D:\MyApp\android\\gradle\wrapper\gradle-wrapper.jar
PATH=C:\Program Files\Eclipse Adoptium\jdk-17.0.14.7-hotspot\bin;C:\Python313\Scripts\;C:\Python313\;C:\windows\system32;C:\windows;C:\windows\System32\Wbem;C:\windows\System32\WindowsPowerShell\v1.0\;C:\windows\System32\OpenSSH\;C:\Program Files\HP\HP One Agent;C:\Program Files\dotnet\;C:\WINDOWS\system32;C:\WINDOWS;C:\WINDOWS\System32\Wbem;C:\WINDOWS\System32\WindowsPowerShell\v1.0\;C:\WINDOWS\System32\OpenSSH\;C:\MinGW\bin;c:\Users\Arrain053\AppData\Local\Programs\cursor\resources\app\bin;C:\Program Files\Git\cmd;C:\Program Files\nodejs\;C:\ProgramData\chocolatey\bin;C:\Users\Arrain053\AppData\Local\Android\Sdk\platform-tools;C:\Users\Arrain053\AppData\Local\Programs\Python\Launcher\;C:\Users\Arrain053\AppData\Local\Microsoft\WindowsApps;C:\Users\Arrain053\.dotnet\tools;C:\Users\Arrain053\AppData\Local\Programs\Microsoft VS Code\bin;C:\Users\Arrain053\AppData\Local\Programs\cursor\resources\app\bin;C:\Users\Arrain053\AppData\Roaming\npm;
USERNAME=Arrain053
OS=Windows_NT
PROCESSOR_IDENTIFIER=AMD64 Family 23 Model 104 Stepping 1, AuthenticAMD
TMP=C:\Users\ARRAIN~1\AppData\Local\Temp
TEMP=C:\Users\ARRAIN~1\AppData\Local\Temp



Periodic native trim disabled


---------------  S Y S T E M  ---------------

OS:
 Windows 11 , 64 bit Build 26100 (10.0.26100.4768)
OS uptime: 4 days 8:37 hours
Hyper-V role detected

CPU: total 8 (initial active 8) (8 cores per cpu, 2 threads per core) family 23 model 104 stepping 1 microcode 0x8608104, cx8, cmov, fxsr, ht, mmx, 3dnowpref, sse, sse2, sse3, ssse3, sse4a, sse4.1, sse4.2, popcnt, lzcnt, tsc, tscinvbit, avx, avx2, aes, clmul, bmi1, bmi2, adx, sha, fma, vzeroupper, clflush, clflushopt, hv
Processor Information for all 8 processors :
  Max Mhz: 2600, Current Mhz: 2003, Mhz Limit: 2600

Memory: 4k page, system-wide physical 7502M (647M free)
TotalPageFile size 30030M (AvailPageFile size 16M)
current process WorkingSet (physical memory assigned to process): 446M, peak: 452M
current process commit charge ("private bytes"): 481M, peak: 486M

vm_info: OpenJDK 64-Bit Server VM (17.0.14+7) for windows-amd64 JRE (17.0.14+7), built on Jan 21 2025 23:40:15 by "admin" with MS VC++ 17.7 (VS2022)

END.
